<?xml version="1.0" encoding="UTF-8"?>
<testsuite name="SpotifyRestAssured" tests="1" skipped="0" failures="0" errors="0" timestamp="2020-03-03T05:31:59" hostname="admin1-HP-EliteBook-Folio-9480m" time="2.446">
  <properties/>
  <testcase name="spotify_RestAssured_playlist" classname="SpotifyRestAssured" time="2.446"/>
  <system-out><![CDATA[
]]></system-out>
  <system-err><![CDATA[]]></system-err>
</testsuite>
